# JRE version: OpenJDK Runtime Environment (8.0_131-b11) (build 1.8.0_131-8u131-b11-2ubuntu1.17.04.3-b11)
# Java VM: OpenJDK 64-Bit Server VM (25.131-b11 mixed mode linux-amd64 compressed oops)
Heap:
 PSYoungGen      total 132096K, used 5098K [0x00000000d7200000, 0x00000000df800000, 0x0000000100000000)
  eden space 126976K, 0% used [0x00000000d7200000,0x00000000d7200000,0x00000000dee00000)
  from space 5120K, 99% used [0x00000000dee00000,0x00000000df2fa9c8,0x00000000df300000)
  to   space 5120K, 0% used [0x00000000df300000,0x00000000df300000,0x00000000df800000)
 ParOldGen       total 52224K, used 9253K [0x0000000085600000, 0x0000000088900000, 0x00000000d7200000)
  object space 52224K, 17% used [0x0000000085600000,0x0000000085f09788,0x0000000088900000)
 Metaspace       used 26595K, capacity 27272K, committed 27520K, reserved 1073152K
  class space    used 3233K, capacity 3403K, committed 3456K, reserved 1048576K
GC Heap History (10 events):
Event: 3.220 GC heap after
Heap after GC invocations=1 (full 0):
 PSYoungGen      total 36864K, used 4363K [0x00000000d7200000, 0x00000000dba00000, 0x0000000100000000)
  eden space 31744K, 0% used [0x00000000d7200000,0x00000000d7200000,0x00000000d9100000)
  from space 5120K, 85% used [0x00000000d9100000,0x00000000d9542ea8,0x00000000d9600000)
  to   space 5120K, 0% used [0x00000000db500000,0x00000000db500000,0x00000000dba00000)
 ParOldGen       total 84992K, used 8K [0x0000000085600000, 0x000000008a900000, 0x00000000d7200000)
  object space 84992K, 0% used [0x0000000085600000,0x0000000085602000,0x000000008a900000)
 Metaspace       used 8095K, capacity 8402K, committed 8448K, reserved 1056768K
  class space    used 934K, capacity 1020K, committed 1024K, reserved 1048576K
}
Event: 3.859 GC heap before
{Heap before GC invocations=2 (full 0):
 PSYoungGen      total 36864K, used 36107K [0x00000000d7200000, 0x00000000dba00000, 0x0000000100000000)
  eden space 31744K, 100% used [0x00000000d7200000,0x00000000d9100000,0x00000000d9100000)
  from space 5120K, 85% used [0x00000000d9100000,0x00000000d9542ea8,0x00000000d9600000)
  to   space 5120K, 0% used [0x00000000db500000,0x00000000db500000,0x00000000dba00000)
 ParOldGen       total 84992K, used 8K [0x0000000085600000, 0x000000008a900000, 0x00000000d7200000)
  object space 84992K, 0% used [0x0000000085600000,0x0000000085602000,0x000000008a900000)
 Metaspace       used 11912K, capacity 12322K, committed 12672K, reserved 1060864K
  class space    used 1462K, capacity 1572K, committed 1664K, reserved 1048576K
Event: 3.885 GC heap after
Heap after GC invocations=2 (full 0):
 PSYoungGen      total 68608K, used 4724K [0x00000000d7200000, 0x00000000dba00000, 0x0000000100000000)
  eden space 63488K, 0% used [0x00000000d7200000,0x00000000d7200000,0x00000000db000000)
  from space 5120K, 92% used [0x00000000db500000,0x00000000db99d238,0x00000000dba00000)
  to   space 5120K, 0% used [0x00000000db000000,0x00000000db000000,0x00000000db500000)
 ParOldGen       total 84992K, used 16K [0x0000000085600000, 0x000000008a900000, 0x00000000d7200000)
  object space 84992K, 0% used [0x0000000085600000,0x0000000085604000,0x000000008a900000)
 Metaspace       used 11912K, capacity 12322K, committed 12672K, reserved 1060864K
  class space    used 1462K, capacity 1572K, committed 1664K, reserved 1048576K
}
Event: 5.211 GC heap before
{Heap before GC invocations=3 (full 0):
 PSYoungGen      total 68608K, used 68212K [0x00000000d7200000, 0x00000000dba00000, 0x0000000100000000)
  eden space 63488K, 100% used [0x00000000d7200000,0x00000000db000000,0x00000000db000000)
  from space 5120K, 92% used [0x00000000db500000,0x00000000db99d238,0x00000000dba00000)
  to   space 5120K, 0% used [0x00000000db000000,0x00000000db000000,0x00000000db500000)
 ParOldGen       total 84992K, used 16K [0x0000000085600000, 0x000000008a900000, 0x00000000d7200000)
  object space 84992K, 0% used [0x0000000085600000,0x0000000085604000,0x000000008a900000)
 Metaspace       used 19382K, capacity 19898K, committed 20224K, reserved 1067008K
  class space    used 2329K, capacity 2452K, committed 2560K, reserved 1048576K
Event: 5.226 GC heap after
Heap after GC invocations=3 (full 0):
 PSYoungGen      total 68608K, used 5097K [0x00000000d7200000, 0x00000000df800000, 0x0000000100000000)
  eden space 63488K, 0% used [0x00000000d7200000,0x00000000d7200000,0x00000000db000000)
  from space 5120K, 99% used [0x00000000db000000,0x00000000db4fa6f8,0x00000000db500000)
  to   space 5120K, 0% used [0x00000000df300000,0x00000000df300000,0x00000000df800000)
 ParOldGen       total 84992K, used 5160K [0x0000000085600000, 0x000000008a900000, 0x00000000d7200000)
  object space 84992K, 6% used [0x0000000085600000,0x0000000085b0a0c8,0x000000008a900000)
 Metaspace       used 19382K, capacity 19898K, committed 20224K, reserved 1067008K
  class space    used 2329K, capacity 2452K, committed 2560K, reserved 1048576K
}
Event: 5.486 GC heap before
{Heap before GC invocations=4 (full 0):
 PSYoungGen      total 68608K, used 22121K [0x00000000d7200000, 0x00000000df800000, 0x0000000100000000)
  eden space 63488K, 26% used [0x00000000d7200000,0x00000000d82a0038,0x00000000db000000)
  from space 5120K, 99% used [0x00000000db000000,0x00000000db4fa6f8,0x00000000db500000)
  to   space 5120K, 0% used [0x00000000df300000,0x00000000df300000,0x00000000df800000)
 ParOldGen       total 84992K, used 5160K [0x0000000085600000, 0x000000008a900000, 0x00000000d7200000)
  object space 84992K, 6% used [0x0000000085600000,0x0000000085b0a0c8,0x000000008a900000)
 Metaspace       used 20562K, capacity 21136K, committed 21296K, reserved 1069056K
  class space    used 2482K, capacity 2633K, committed 2688K, reserved 1048576K
Event: 5.515 GC heap after
Heap after GC invocations=4 (full 0):
 PSYoungGen      total 132096K, used 5108K [0x00000000d7200000, 0x00000000df800000, 0x0000000100000000)
  eden space 126976K, 0% used [0x00000000d7200000,0x00000000d7200000,0x00000000dee00000)
  from space 5120K, 99% used [0x00000000df300000,0x00000000df7fd1d0,0x00000000df800000)
  to   space 5120K, 0% used [0x00000000dee00000,0x00000000dee00000,0x00000000df300000)
 ParOldGen       total 84992K, used 6324K [0x0000000085600000, 0x000000008a900000, 0x00000000d7200000)
  object space 84992K, 7% used [0x0000000085600000,0x0000000085c2d340,0x000000008a900000)
 Metaspace       used 20562K, capacity 21136K, committed 21296K, reserved 1069056K
  class space    used 2482K, capacity 2633K, committed 2688K, reserved 1048576K
}
Event: 5.515 GC heap before
{Heap before GC invocations=5 (full 1):
 PSYoungGen      total 132096K, used 5108K [0x00000000d7200000, 0x00000000df800000, 0x0000000100000000)
  eden space 126976K, 0% used [0x00000000d7200000,0x00000000d7200000,0x00000000dee00000)
  from space 5120K, 99% used [0x00000000df300000,0x00000000df7fd1d0,0x00000000df800000)
  to   space 5120K, 0% used [0x00000000dee00000,0x00000000dee00000,0x00000000df300000)
 ParOldGen       total 84992K, used 6324K [0x0000000085600000, 0x000000008a900000, 0x00000000d7200000)
  object space 84992K, 7% used [0x0000000085600000,0x0000000085c2d340,0x000000008a900000)
 Metaspace       used 20562K, capacity 21136K, committed 21296K, reserved 1069056K
  class space    used 2482K, capacity 2633K, committed 2688K, reserved 1048576K
Event: 5.604 GC heap after
Heap after GC invocations=5 (full 1):
 PSYoungGen      total 132096K, used 0K [0x00000000d7200000, 0x00000000df800000, 0x0000000100000000)
  eden space 126976K, 0% used [0x00000000d7200000,0x00000000d7200000,0x00000000dee00000)
  from space 5120K, 0% used [0x00000000df300000,0x00000000df300000,0x00000000df800000)
  to   space 5120K, 0% used [0x00000000dee00000,0x00000000dee00000,0x00000000df300000)
 ParOldGen       total 52224K, used 6157K [0x0000000085600000, 0x0000000088900000, 0x00000000d7200000)
  object space 52224K, 11% used [0x0000000085600000,0x0000000085c034c8,0x0000000088900000)
 Metaspace       used 20562K, capacity 21136K, committed 21296K, reserved 1069056K
  class space    used 2482K, capacity 2633K, committed 2688K, reserved 1048576K
}
Event: 12.487 GC heap before
{Heap before GC invocations=6 (full 1):
 PSYoungGen      total 132096K, used 126976K [0x00000000d7200000, 0x00000000df800000, 0x0000000100000000)
  eden space 126976K, 100% used [0x00000000d7200000,0x00000000dee00000,0x00000000dee00000)
  from space 5120K, 0% used [0x00000000df300000,0x00000000df300000,0x00000000df800000)
  to   space 5120K, 0% used [0x00000000dee00000,0x00000000dee00000,0x00000000df300000)
 ParOldGen       total 52224K, used 6157K [0x0000000085600000, 0x0000000088900000, 0x00000000d7200000)
  object space 52224K, 11% used [0x0000000085600000,0x0000000085c034c8,0x0000000088900000)
 Metaspace       used 26595K, capacity 27272K, committed 27520K, reserved 1073152K
  class space    used 3233K, capacity 3403K, committed 3456K, reserved 1048576K

